#
# There is insufficient memory for the Java Runtime Environment to continue.
# Native memory allocation (malloc) failed to allocate 34192 bytes for Chunk::new
# Possible reasons:
#   The system is out of physical RAM or swap space
#   The process is running with CompressedOops enabled, and the Java Heap may be blocking the growth of the native heap
# Possible solutions:
#   Reduce memory load on the system
#   Increase physical memory or swap space
#   Check if swap backing store is full
#   Decrease Java heap size (-Xmx/-Xms)
#   Decrease number of Java threads
#   Decrease Java thread stack sizes (-Xss)
#   Set larger code cache with -XX:ReservedCodeCacheSize=
#   JVM is running with Unscaled Compressed Oops mode in which the Java heap is
#     placed in the first 4GB address space. The Java Heap base address is the
#     maximum limit for the native heap growth. Please use -XX:HeapBaseMinAddress
#     to set the Java Heap base and to place the Java Heap above 4GB virtual address.
# This output file may be truncated or incomplete.
#
#  Out of Memory Error (allocation.cpp:389), pid=11316, tid=0x0000000000001bc4
#
# JRE version: Java(TM) SE Runtime Environment (8.0_231-b11) (build 1.8.0_231-b11)
# Java VM: Java HotSpot(TM) 64-Bit Server VM (25.231-b11 mixed mode windows-amd64 compressed oops)
# Failed to write core dump. Minidumps are not enabled by default on client versions of Windows
#

---------------  T H R E A D  ---------------

Current thread (0x00000000029ae000):  JavaThread "main" [_thread_in_native, id=7108, stack(0x00000000029b0000,0x0000000002ab0000)]

Stack: [0x00000000029b0000,0x0000000002ab0000]
[error occurred during error reporting (printing stack bounds), id 0xc0000005]

Native frames: (J=compiled Java code, j=interpreted, Vv=VM code, C=native code)

Java frames: (J=compiled Java code, j=interpreted, Vv=VM code)
j  java.lang.invoke.MethodHandle.<clinit>()V+16
v  ~StubRoutines::call_stub

---------------  P R O C E S S  ---------------

Java Threads: ( => current thread )
  0x00000000151aa000 JavaThread "C1 CompilerThread2" daemon [_thread_blocked, id=13124, stack(0x00000000169f0000,0x0000000016af0000)]
  0x00000000151a6000 JavaThread "C2 CompilerThread1" daemon [_thread_blocked, id=12672, stack(0x00000000168f0000,0x00000000169f0000)]
  0x0000000015199000 JavaThread "C2 CompilerThread0" daemon [_thread_blocked, id=10028, stack(0x00000000167f0000,0x00000000168f0000)]
  0x0000000015197000 JavaThread "Attach Listener" daemon [_thread_blocked, id=12456, stack(0x00000000166f0000,0x00000000167f0000)]
  0x0000000015193800 JavaThread "Signal Dispatcher" daemon [_thread_blocked, id=12416, stack(0x00000000165f0000,0x00000000166f0000)]
  0x0000000002baa000 JavaThread "Finalizer" daemon [_thread_blocked, id=6300, stack(0x00000000163f0000,0x00000000164f0000)]
  0x000000001517a000 JavaThread "Reference Handler" daemon [_thread_blocked, id=952, stack(0x00000000162f0000,0x00000000163f0000)]
=>0x00000000029ae000 JavaThread "main" [_thread_in_native, id=7108, stack(0x00000000029b0000,0x0000000002ab0000)]

Other Threads:
  0x0000000015158000 VMThread [stack: 0x00000000161f0000,0x00000000162f0000] [id=13080]

VM state:not at safepoint (normal execution)

VM Mutex/Monitor currently owned by a thread: None

heap address: 0x00000000c1a00000, size: 998 MB, Compressed Oops mode: 32-bit
Narrow klass base: 0x0000000000000000, Narrow klass shift: 3
Compressed class space size: 1073741824 Address: 0x0000000100000000

Heap:
 PSYoungGen      total 18944K, used 655K [0x00000000eb380000, 0x00000000ec880000, 0x0000000100000000)
  eden space 16384K, 4% used [0x00000000eb380000,0x00000000eb423ef8,0x00000000ec380000)
  from space 2560K, 0% used [0x00000000ec600000,0x00000000ec600000,0x00000000ec880000)
  to   space 2560K, 0% used [0x00000000ec380000,0x00000000ec380000,0x00000000ec600000)
 ParOldGen       total 44032K, used 0K [0x00000000c1a00000, 0x00000000c4500000, 0x00000000eb380000)
  object space 44032K, 0% used [0x00000000c1a00000,0x00000000c1a00000,0x00000000c4500000)
 Metaspace       used 2111K, capacity 4480K, committed 4480K, reserved 1056768K
  class space    used 230K, capacity 384K, committed 384K, reserved 1048576K

Card table byte_map: [0x0000000011f70000,0x0000000012170000] byte_map_base: 0x0000000011963000

Marking Bits: (ParMarkBitMap*) 0x0000000059626d90
 Begin Bits: [0x00000000126c0000, 0x0000000013658000)
 End Bits:   [0x0000000013658000, 0x00000000145f0000)

Polling page: 0x0000000002740000

CodeCache: size=245760Kb used=1025Kb max_used=1036Kb free=244734Kb
 bounds [0x0000000002bb0000, 0x0000000002e20000, 0x0000000011bb0000]
 total_blobs=214 nmethods=0 adapters=129
 compilation: enabled

Compilation events (0 events):
No events

GC Heap History (0 events):
No events

Deoptimization events (0 events):
No events

Classes redefined (0 events):
No events

Internal exceptions (2 events):
Event: 0.037 Thread 0x00000000029ae000 Exception <a 'java/lang/NoSuchMethodError': Method sun.misc.Unsafe.defineClass(Ljava/lang/String;[BII)Ljava/lang/Class; name or signature does not match> (0x00000000eb387cb8) thrown at [C:\re\workspace\8-2-build-windows-amd64-cygwin\jdk8u231\13620\hotspot
Event: 0.037 Thread 0x00000000029ae000 Exception <a 'java/lang/NoSuchMethodError': Method sun.misc.Unsafe.prefetchRead(Ljava/lang/Object;J)V name or signature does not match> (0x00000000eb387fa0) thrown at [C:\re\workspace\8-2-build-windows-amd64-cygwin\jdk8u231\13620\hotspot\src\share\vm\prim

Events (10 events):
Event: 0.081 loading class sun/misc/Launcher$AppClassLoader$1
Event: 0.081 loading class sun/misc/Launcher$AppClassLoader$1 done
Event: 0.082 loading class java/lang/SystemClassLoaderAction
Event: 0.082 loading class java/lang/SystemClassLoaderAction done
Event: 0.082 Thread 0x0000000015193800 Thread added: 0x0000000015193800
Event: 0.082 Thread 0x0000000015197000 Thread added: 0x0000000015197000
Event: 0.082 Thread 0x0000000015199000 Thread added: 0x0000000015199000
Event: 0.082 Thread 0x00000000151a6000 Thread added: 0x00000000151a6000
Event: 0.082 Thread 0x00000000151aa000 Thread added: 0x00000000151aa000
Event: 0.083 loading class java/lang/invoke/MethodHandleImpl


Dynamic libraries:
0x00007ff7036a0000 - 0x00007ff7036d7000 	C:\Program Files\Java\jdk1.8.0_231\bin\javaw.exe
0x00007ffc26480000 - 0x00007ffc2666d000 	C:\Windows\SYSTEM32\ntdll.dll
0x00007ffc26280000 - 0x00007ffc26333000 	C:\Windows\System32\KERNEL32.DLL
0x00007ffc226a0000 - 0x00007ffc22933000 	C:\Windows\System32\KERNELBASE.dll
0x00007ffc26340000 - 0x00007ffc263e3000 	C:\Windows\System32\ADVAPI32.dll
0x00007ffc23770000 - 0x00007ffc2380e000 	C:\Windows\System32\msvcrt.dll
0x00007ffc25cb0000 - 0x00007ffc25d4e000 	C:\Windows\System32\sechost.dll
0x00007ffc23810000 - 0x00007ffc23932000 	C:\Windows\System32\RPCRT4.dll
0x00007ffc25750000 - 0x00007ffc258e7000 	C:\Windows\System32\USER32.dll
0x00007ffc229c0000 - 0x00007ffc229e0000 	C:\Windows\System32\win32u.dll
0x00007ffc24eb0000 - 0x00007ffc24ed9000 	C:\Windows\System32\GDI32.dll
0x00007ffc23320000 - 0x00007ffc234b9000 	C:\Windows\System32\gdi32full.dll
0x00007ffc231b0000 - 0x00007ffc23250000 	C:\Windows\System32\msvcp_win.dll
0x00007ffc22540000 - 0x00007ffc2263a000 	C:\Windows\System32\ucrtbase.dll
0x00007ffc0de60000 - 0x00007ffc0e0d9000 	C:\Windows\WinSxS\amd64_microsoft.windows.common-controls_6595b64144ccf1df_6.0.17763.973_none_05b245900721eb81\COMCTL32.dll
0x00007ffc25980000 - 0x00007ffc25cac000 	C:\Windows\System32\combase.dll
0x00007ffc229e0000 - 0x00007ffc22a5e000 	C:\Windows\System32\bcryptPrimitives.dll
0x00007ffc25050000 - 0x00007ffc2507e000 	C:\Windows\System32\IMM32.DLL
0x0000000058c40000 - 0x0000000058d12000 	C:\Program Files\Java\jdk1.8.0_231\jre\bin\msvcr100.dll
0x0000000058e00000 - 0x00000000596a6000 	C:\Program Files\Java\jdk1.8.0_231\jre\bin\server\jvm.dll
0x00007ffc23940000 - 0x00007ffc23948000 	C:\Windows\System32\PSAPI.DLL
0x00007ffc1dc60000 - 0x00007ffc1dc69000 	C:\Windows\SYSTEM32\WSOCK32.dll
0x00007ffc1eb90000 - 0x00007ffc1ebb4000 	C:\Windows\SYSTEM32\WINMM.dll
0x00007ffc151c0000 - 0x00007ffc151ca000 	C:\Windows\SYSTEM32\VERSION.dll
0x00007ffc25e30000 - 0x00007ffc25e9d000 	C:\Windows\System32\WS2_32.dll
0x00007ffc1eb60000 - 0x00007ffc1eb8d000 	C:\Windows\SYSTEM32\WINMMBASE.dll
0x00007ffc22970000 - 0x00007ffc229ba000 	C:\Windows\System32\cfgmgr32.dll
0x00007ffc16f90000 - 0x00007ffc16f9f000 	C:\Program Files\Java\jdk1.8.0_231\jre\bin\verify.dll
0x00007ffc16f00000 - 0x00007ffc16f29000 	C:\Program Files\Java\jdk1.8.0_231\jre\bin\java.dll
0x00007ffc14860000 - 0x00007ffc14876000 	C:\Program Files\Java\jdk1.8.0_231\jre\bin\zip.dll
0x00007ffc23950000 - 0x00007ffc24e44000 	C:\Windows\System32\SHELL32.dll
0x00007ffc236c0000 - 0x00007ffc23768000 	C:\Windows\System32\shcore.dll
0x00007ffc22a60000 - 0x00007ffc231ad000 	C:\Windows\System32\windows.storage.dll
0x00007ffc22510000 - 0x00007ffc22534000 	C:\Windows\System32\profapi.dll
0x00007ffc22490000 - 0x00007ffc224ed000 	C:\Windows\System32\powrprof.dll
0x00007ffc24e50000 - 0x00007ffc24ea2000 	C:\Windows\System32\shlwapi.dll
0x00007ffc22470000 - 0x00007ffc22481000 	C:\Windows\System32\kernel.appcore.dll
0x00007ffc23250000 - 0x00007ffc23267000 	C:\Windows\System32\cryptsp.dll

VM Arguments:
jvm_args: -Dfile.encoding=Cp1251 
java_command: ua.lviv.lgs.second.Main
java_class_path (initial): C:\Users\Я\Documents\work-space\Home_work_lesson_11\bin
Launcher Type: SUN_STANDARD

Environment Variables:
JAVA_HOME=C:\Program Files\Java\jdk1.8.0_231
PATH=C:/Program Files/Java/jdk1.8.0_231/bin/../jre/bin/server;C:/Program Files/Java/jdk1.8.0_231/bin/../jre/bin;C:/Program Files/Java/jdk1.8.0_231/bin/../jre/lib/amd64;C:\Program Files (x86)\Common Files\Oracle\Java\javapath;C:\Windows\system32;C:\Windows;C:\Windows\System32\Wbem;C:\Windows\System32\WindowsPowerShell\v1.0\;C:\Windows\System32\OpenSSH\;C:\Program Files (x86)\Brackets\command;C:\Program Files\Java\jdk1.8.0_231\bin;C:\Program Files\Git\cmd;C:\Program Files\MySQL\MySQL Shell 8.0\bin\;C:\Users\Я\AppData\Local\Microsoft\WindowsApps;;C:\Users\Я\Desktop;
USERNAME=Я
OS=Windows_NT
PROCESSOR_IDENTIFIER=Intel64 Family 6 Model 60 Stepping 3, GenuineIntel



---------------  S Y S T E M  ---------------

OS: Windows 10.0 , 64 bit Build 17763 (10.0.17763.475)

CPU:total 4 (initial active 4) (2 cores per cpu, 2 threads per core) family 6 model 60 stepping 3, cmov, cx8, fxsr, mmx, sse, sse2, sse3, ssse3, sse4.1, sse4.2, popcnt, avx, avx2, clmul, erms, lzcnt, ht, tsc, tscinvbit, bmi1, bmi2

Memory: 4k page, physical 4084552k(731700k free), swap 7181128k(5120k free)

vm_info: Java HotSpot(TM) 64-Bit Server VM (25.231-b11) for windows-amd64 JRE (1.8.0_231-b11), built on Oct  5 2019 03:11:30 by "java_re" with MS VC++ 10.0 (VS2010)

time: Thu Feb 06 13:30:24 2020
timezone: Финляндия (зима)
elapsed time: 0 seconds (0d 0h 0m 0s)

